<?xml version="1.0" encoding="UTF-8"?>
<!-- Generated by org.testng.reporters.JUnitReportReporter -->
<testsuite hostname="DESKTOP-TCG2L2E" failures="0" tests="1" name="com.git.practice.PracticeGitBash" time="0.379" errors="0" timestamp="2022-06-02T13:12:46 IST" skipped="0">
  <testcase classname="com.git.practice.PracticeGitBash" name="Practice" time="0.379"/>
  <system-out/>
</testsuite> <!-- com.git.practice.PracticeGitBash -->
